<?xml version="1.0" encoding="UTF-8"?>
<testsuite xmlns:xsi="http://www.w3.org/2001/XMLSchema-instance" xsi:noNamespaceSchemaLocation="https://maven.apache.org/surefire/maven-surefire-plugin/xsd/surefire-test-report-3.0.xsd" version="3.0" name="demo.app.HomePageTest" time="0.062" tests="1" errors="0" skipped="0" failures="0">
  <properties>
[...]
</properties>
  <testcase name="greetingShouldReturnDefaultMessage" classname="demo.app.HomePageTest" time="0.032">
    <system-out><![CDATA[2026-04-10 01:09:30.928  INFO 3163 --- [           main] .b.t.c.SpringBootTestContextBootstrapper : Neither @ContextConfiguration nor @ContextHierarchy found for test class [demo.app.HomePageTest], using SpringBootContextLoader
2026-04-10 01:09:30.929  INFO 3163 --- [           main] o.s.t.c.support.AbstractContextLoader    : Could not detect default resource locations for test class [demo.app.HomePageTest]: no resource found for suffixes {-context.xml, Context.groovy}.
2026-04-10 01:09:30.929  INFO 3163 --- [           main] t.c.s.AnnotationConfigContextLoaderUtils : Could not detect default configuration classes for test class [demo.app.HomePageTest]: HomePageTest does not declare any static, non-private, non-final, nested classes annotated with @Configuration.
2026-04-10 01:09:30.935  INFO 3163 --- [           main] .b.t.c.SpringBootTestContextBootstrapper : Found @SpringBootConfiguration demo.app.JavaDemoapp for test class demo.app.HomePageTest
2026-04-10 01:09:30.940  INFO 3163 --- [           main] .b.t.c.SpringBootTestContextBootstrapper : Loaded default TestExecutionListener class names from location [META-INF/spring.factories]: [org.springframework.boot.test.mock.mockito.MockitoTestExecutionListener, org.springframework.boot.test.mock.mockito.ResetMocksTestExecutionListener, org.springframework.boot.test.autoconfigure.restdocs.RestDocsTestExecutionListener, org.springframework.boot.test.autoconfigure.web.client.MockRestServiceServerResetTestExecutionListener, org.springframework.boot.test.autoconfigure.web.servlet.MockMvcPrintOnlyOnFailureTestExecutionListener, org.springframework.boot.test.autoconfigure.web.servlet.WebDriverTestExecutionListener, org.springframework.boot.test.autoconfigure.webservices.client.MockWebServiceServerTestExecutionListener, org.springframework.test.context.web.ServletTestExecutionListener, org.springframework.test.context.support.DirtiesContextBeforeModesTestExecutionListener, org.springframework.test.context.event.ApplicationEventsTestExecutionListener, org.springframework.test.context.support.DependencyInjectionTestExecutionListener, org.springframework.test.context.support.DirtiesContextTestExecutionListener, org.springframework.test.context.transaction.TransactionalTestExecutionListener, org.springframework.test.context.jdbc.SqlScriptsTestExecutionListener, org.springframework.test.context.event.EventPublishingTestExecutionListener]
2026-04-10 01:09:30.942  INFO 3163 --- [           main] .b.t.c.SpringBootTestContextBootstrapper : Using TestExecutionListeners: [org.springframework.test.context.web.ServletTestExecutionListener@60f1f95b, org.springframework.test.context.support.DirtiesContextBeforeModesTestExecutionListener@786cc1df, org.springframework.test.context.event.ApplicationEventsTestExecutionListener@1ddb6abb, org.springframework.boot.test.mock.mockito.MockitoTestExecutionListener@6f926d01, org.springframework.boot.test.autoconfigure.SpringBootDependencyInjectionTestExecutionListener@c67a89, org.springframework.test.context.support.DirtiesContextTestExecutionListener@1e3a2177, org.springframework.test.context.event.EventPublishingTestExecutionListener@58720eb9, org.springframework.boot.test.mock.mockito.ResetMocksTestExecutionListener@24749ad3, org.springframework.boot.test.autoconfigure.restdocs.RestDocsTestExecutionListener@1755aee6, org.springframework.boot.test.autoconfigure.web.client.MockRestServiceServerResetTestExecutionListener@582b14e2, org.springframework.boot.test.autoconfigure.web.servlet.MockMvcPrintOnlyOnFailureTestExecutionListener@10e4ce98, org.springframework.boot.test.autoconfigure.web.servlet.WebDriverTestExecutionListener@10466c55, org.springframework.boot.test.autoconfigure.webservices.client.MockWebServiceServerTestExecutionListener@2a5ed225]
]]></system-out>
  </testcase>
</testsuite>